TN:
SF:src\controllers\commons_controller.ts
FN:5,(anonymous_1)
FN:8,(anonymous_2)
FN:18,(anonymous_3)
FN:21,(anonymous_4)
FNF:4
FNH:4
FNDA:2,(anonymous_1)
FNDA:2,(anonymous_2)
FNDA:1,(anonymous_3)
FNDA:1,(anonymous_4)
DA:2,10
DA:3,10
DA:5,10
DA:6,2
DA:9,2
DA:10,2
DA:18,10
DA:19,1
DA:22,1
DA:23,1
DA:31,10
LF:11
LH:11
BRF:0
BRH:0
end_of_record
TN:
SF:src\controllers\users_auth_controller.ts
FN:5,(anonymous_1)
FN:8,(anonymous_2)
FN:9,(anonymous_3)
FN:15,(anonymous_4)
FN:18,(anonymous_5)
FN:19,(anonymous_6)
FN:25,(anonymous_7)
FN:28,(anonymous_8)
FN:29,(anonymous_9)
FN:35,(anonymous_10)
FN:38,(anonymous_11)
FN:39,(anonymous_12)
FNF:12
FNH:8
FNDA:6,(anonymous_1)
FNDA:6,(anonymous_2)
FNDA:0,(anonymous_3)
FNDA:1,(anonymous_4)
FNDA:1,(anonymous_5)
FNDA:0,(anonymous_6)
FNDA:3,(anonymous_7)
FNDA:3,(anonymous_8)
FNDA:0,(anonymous_9)
FNDA:3,(anonymous_10)
FNDA:3,(anonymous_11)
FNDA:0,(anonymous_12)
DA:2,10
DA:3,10
DA:5,10
DA:6,6
DA:8,6
DA:15,10
DA:16,1
DA:18,1
DA:25,10
DA:26,3
DA:28,3
DA:35,10
DA:36,3
DA:38,3
DA:65,10
LF:15
LH:15
BRF:0
BRH:0
end_of_record
TN:
SF:src\controllers\users_controller.ts
FN:5,(anonymous_1)
FN:8,(anonymous_2)
FN:9,(anonymous_3)
FNF:3
FNH:2
FNDA:1,(anonymous_1)
FNDA:1,(anonymous_2)
FNDA:0,(anonymous_3)
DA:2,10
DA:3,10
DA:5,10
DA:6,1
DA:8,1
DA:15,10
LF:6
LH:6
BRF:0
BRH:0
end_of_record
TN:
SF:src\controllers\users_me_controller.ts
FN:5,(anonymous_1)
FN:8,(anonymous_2)
FN:9,(anonymous_3)
FN:15,(anonymous_4)
FN:18,(anonymous_5)
FN:19,(anonymous_6)
FN:25,(anonymous_7)
FN:28,(anonymous_8)
FN:29,(anonymous_9)
FNF:9
FNH:4
FNDA:1,(anonymous_1)
FNDA:1,(anonymous_2)
FNDA:0,(anonymous_3)
FNDA:1,(anonymous_4)
FNDA:1,(anonymous_5)
FNDA:0,(anonymous_6)
FNDA:0,(anonymous_7)
FNDA:0,(anonymous_8)
FNDA:0,(anonymous_9)
DA:2,10
DA:3,10
DA:5,10
DA:6,1
DA:8,1
DA:15,10
DA:16,1
DA:18,1
DA:25,10
DA:26,0
DA:28,0
DA:35,10
LF:12
LH:10
BRF:0
BRH:0
end_of_record
TN:
SF:src\database\db_connection.ts
FN:3,(anonymous_0)
FN:8,(anonymous_1)
FN:11,(anonymous_2)
FN:14,(anonymous_3)
FNF:4
FNH:4
FNDA:2,(anonymous_0)
FNDA:1,(anonymous_1)
FNDA:1,(anonymous_2)
FNDA:2,(anonymous_3)
DA:1,1
DA:3,1
DA:4,2
DA:6,2
DA:9,1
DA:12,1
DA:15,2
DA:17,2
DA:20,1
LF:9
LH:9
BRF:0
BRH:0
end_of_record
TN:
SF:src\functions\check_password.ts
FN:3,(anonymous_1)
FNF:1
FNH:1
FNDA:6,(anonymous_1)
DA:1,11
DA:3,11
DA:4,6
DA:5,2
DA:12,4
LF:5
LH:5
BRDA:4,0,0,2
BRF:1
BRH:1
end_of_record
TN:
SF:src\functions\generate_hash_password.ts
FN:4,(anonymous_1)
FNF:1
FNH:1
FNDA:4,(anonymous_1)
DA:1,12
DA:2,12
DA:4,12
DA:5,4
DA:7,4
DA:9,4
LF:6
LH:6
BRF:0
BRH:0
end_of_record
TN:
SF:src\functions\generate_password.ts
FN:3,(anonymous_1)
FNF:1
FNH:1
FNDA:1,(anonymous_1)
DA:1,1
DA:3,1
DA:4,1
DA:5,1
DA:7,1
DA:13,1
LF:6
LH:6
BRF:0
BRH:0
end_of_record
TN:
SF:src\functions\generate_token_access.ts
FN:4,(anonymous_1)
FNF:1
FNH:1
FNDA:4,(anonymous_1)
DA:1,11
DA:2,11
DA:4,11
DA:5,4
DA:18,4
LF:5
LH:5
BRF:0
BRH:0
end_of_record
TN:
SF:src\middlewares\jwt_auth\auth.ts
FN:6,(anonymous_1)
FN:9,(anonymous_2)
FN:17,(anonymous_3)
FNF:3
FNH:2
FNDA:2,(anonymous_1)
FNDA:2,(anonymous_2)
FNDA:0,(anonymous_3)
DA:3,10
DA:4,10
DA:6,10
DA:7,2
DA:10,2
DA:11,0
DA:13,2
DA:14,2
DA:18,0
DA:19,0
DA:23,10
LF:11
LH:8
BRDA:10,0,0,0
BRDA:10,0,1,2
BRF:2
BRH:1
end_of_record
TN:
SF:src\middlewares\jwt_auth\jwt\index.ts
FNF:0
FNH:0
DA:1,10
DA:3,10
LF:2
LH:2
BRF:0
BRH:0
end_of_record
TN:
SF:src\middlewares\jwt_auth\jwt\jwtUsers.ts
FN:7,(anonymous_1)
FN:36,(anonymous_2)
FN:37,(anonymous_3)
FNF:3
FNH:3
FNDA:2,(anonymous_1)
FNDA:2,(anonymous_2)
FNDA:2,(anonymous_3)
DA:1,10
DA:3,10
DA:4,10
DA:5,10
DA:7,10
DA:8,2
DA:9,2
DA:12,2
DA:14,2
DA:16,2
DA:18,2
DA:19,2
DA:28,2
DA:29,2
DA:30,0
DA:33,2
DA:36,10
DA:37,2
DA:38,2
DA:40,2
DA:41,0
DA:42,0
DA:43,0
DA:46,2
DA:47,2
DA:50,2
LF:26
LH:22
BRDA:9,0,0,2
BRDA:9,0,1,2
BRDA:12,1,0,0
BRDA:16,2,0,0
BRDA:18,3,0,2
BRDA:29,4,0,0
BRDA:40,5,0,0
BRF:7
BRH:3
end_of_record
TN:
SF:src\middlewares\morgan\morgan.ts
FN:7,(anonymous_1)
FN:10,(anonymous_2)
FNF:2
FNH:2
FNDA:21,(anonymous_1)
FNDA:21,(anonymous_2)
DA:1,10
DA:3,10
DA:4,10
DA:6,10
DA:7,21
DA:10,10
DA:11,21
DA:14,10
DA:16,10
DA:21,10
LF:10
LH:10
BRF:0
BRH:0
end_of_record
TN:
SF:src\middlewares\xss\xss.ts
FN:4,(anonymous_0)
FN:17,(anonymous_1)
FN:18,(anonymous_2)
FNF:3
FNH:3
FNDA:42,(anonymous_0)
FNDA:10,(anonymous_1)
FNDA:21,(anonymous_2)
DA:2,10
DA:4,10
DA:5,42
DA:6,42
DA:7,42
DA:8,42
DA:11,42
DA:12,42
DA:14,42
DA:17,10
DA:18,10
DA:19,21
DA:20,21
DA:21,21
DA:22,21
DA:26,10
LF:16
LH:16
BRDA:4,0,0,0
BRDA:6,1,0,42
BRDA:12,2,0,42
BRDA:19,3,0,0
BRDA:20,4,0,21
BRDA:21,5,0,21
BRF:6
BRH:4
end_of_record
TN:
SF:src\presenters\commons\api_info_presenter.ts
FN:7,(anonymous_1)
FNF:1
FNH:1
FNDA:1,(anonymous_1)
DA:1,10
DA:2,10
DA:3,10
DA:5,10
DA:7,10
DA:8,1
DA:9,1
DA:12,1
DA:15,1
LF:9
LH:9
BRDA:12,0,0,1
BRDA:12,0,1,1
BRF:2
BRH:2
end_of_record
TN:
SF:src\presenters\commons\api_root_presenter.ts
FN:7,(anonymous_1)
FNF:1
FNH:1
FNDA:2,(anonymous_1)
DA:1,10
DA:2,10
DA:3,10
DA:5,10
DA:7,10
DA:8,2
DA:9,2
DA:12,2
DA:14,2
LF:9
LH:9
BRDA:12,0,0,2
BRDA:12,0,1,2
BRF:2
BRH:2
end_of_record
TN:
SF:src\presenters\commons\index.ts
FNF:0
FNH:0
DA:1,10
DA:2,10
DA:4,10
LF:3
LH:3
BRF:0
BRH:0
end_of_record
TN:
SF:src\presenters\users\index.ts
FNF:0
FNH:0
DA:1,10
DA:2,10
DA:3,10
DA:4,10
DA:6,10
LF:5
LH:5
BRF:0
BRH:0
end_of_record
TN:
SF:src\presenters\users\show_all_presenter.ts
FN:6,(anonymous_1)
FNF:1
FNH:1
FNDA:1,(anonymous_1)
DA:1,10
DA:2,10
DA:4,10
DA:6,10
DA:8,1
DA:11,1
DA:15,1
LF:7
LH:7
BRDA:11,0,0,1
BRDA:11,0,1,1
BRF:2
BRH:2
end_of_record
TN:
SF:src\presenters\users\show_me_presenter.ts
FN:6,(anonymous_1)
FNF:1
FNH:1
FNDA:1,(anonymous_1)
DA:1,10
DA:2,10
DA:4,10
DA:6,10
DA:8,1
DA:9,0
DA:13,1
DA:30,1
DA:31,0
DA:34,1
LF:10
LH:8
BRDA:8,0,0,0
BRDA:30,1,0,0
BRDA:30,2,0,1
BRDA:30,2,1,1
BRF:4
BRH:2
end_of_record
TN:
SF:src\presenters\users\update_me_presenter.ts
FN:7,(anonymous_1)
FNF:1
FNH:1
FNDA:1,(anonymous_1)
DA:1,10
DA:2,10
DA:3,10
DA:5,10
DA:7,10
DA:9,1
DA:10,0
DA:14,1
DA:16,1
DA:17,1
DA:19,1
DA:20,0
DA:24,1
DA:25,0
DA:26,0
DA:27,0
DA:29,0
DA:33,1
DA:34,1
DA:35,0
DA:38,1
DA:39,1
DA:41,1
DA:42,1
DA:44,1
DA:45,1
DA:47,1
DA:48,1
DA:50,1
DA:51,1
DA:53,1
DA:54,1
DA:57,1
LF:33
LH:26
BRDA:9,0,0,0
BRDA:9,1,0,1
BRDA:9,1,1,1
BRDA:16,2,0,1
BRDA:19,3,0,0
BRDA:24,4,0,0
BRDA:26,5,0,0
BRDA:26,6,0,0
BRDA:26,6,1,0
BRDA:34,7,0,0
BRDA:34,8,0,1
BRDA:34,8,1,1
BRDA:38,9,0,1
BRDA:41,10,0,1
BRDA:44,11,0,1
BRDA:47,12,0,1
BRDA:50,13,0,1
BRDA:53,14,0,1
BRF:18
BRH:11
end_of_record
TN:
SF:src\presenters\users_auth\index.ts
FNF:0
FNH:0
DA:1,10
DA:2,10
DA:3,10
DA:4,10
DA:5,10
DA:6,10
DA:8,10
LF:7
LH:7
BRF:0
BRH:0
end_of_record
TN:
SF:src\presenters\users_auth\login_presenter.ts
FN:15,(anonymous_1)
FN:48,(anonymous_2)
FN:57,(anonymous_3)
FN:104,(anonymous_4)
FN:114,(anonymous_5)
FNF:5
FNH:5
FNDA:6,(anonymous_1)
FNDA:6,(anonymous_2)
FNDA:6,(anonymous_3)
FNDA:4,(anonymous_4)
FNDA:3,(anonymous_5)
DA:1,10
DA:2,10
DA:3,10
DA:4,10
DA:6,10
DA:8,10
DA:9,10
DA:10,10
DA:11,10
DA:12,10
DA:13,10
DA:15,10
DA:16,6
DA:17,6
DA:20,6
DA:22,6
DA:25,6
DA:27,6
DA:30,4
DA:32,4
DA:35,3
DA:37,3
DA:39,3
DA:45,3
DA:48,10
DA:50,6
DA:52,6
DA:57,10
DA:58,6
DA:77,6
DA:79,6
DA:80,1
DA:86,5
DA:87,1
DA:93,4
DA:94,4
DA:104,10
DA:105,4
DA:107,4
DA:108,1
DA:111,3
DA:114,10
DA:115,3
DA:118,3
DA:122,3
LF:45
LH:45
BRDA:79,0,0,1
BRDA:86,1,0,1
BRDA:86,2,0,5
BRDA:86,2,1,5
BRDA:93,3,0,4
BRDA:93,4,0,4
BRDA:93,4,1,4
BRDA:107,5,0,1
BRF:8
BRH:8
end_of_record
TN:
SF:src\presenters\users_auth\logout_presenter.ts
FN:3,(anonymous_1)
FNF:1
FNH:1
FNDA:1,(anonymous_1)
DA:1,10
DA:3,10
DA:4,1
DA:6,1
LF:4
LH:4
BRF:0
BRH:0
end_of_record
TN:
SF:src\presenters\users_auth\register_confirm_presenter.ts
FN:16,(anonymous_1)
FN:51,(anonymous_2)
FN:58,(anonymous_3)
FN:106,(anonymous_4)
FN:122,(anonymous_5)
FNF:5
FNH:5
FNDA:3,(anonymous_1)
FNDA:3,(anonymous_2)
FNDA:3,(anonymous_3)
FNDA:1,(anonymous_4)
FNDA:2,(anonymous_5)
DA:1,10
DA:2,10
DA:3,10
DA:6,10
DA:8,10
DA:9,10
DA:10,10
DA:11,10
DA:12,10
DA:13,10
DA:14,10
DA:16,10
DA:17,3
DA:18,3
DA:21,3
DA:23,3
DA:26,3
DA:28,3
DA:31,2
DA:33,2
DA:36,1
DA:38,1
DA:39,1
DA:48,1
DA:51,10
DA:58,10
DA:59,3
DA:78,3
DA:81,3
DA:88,3
DA:89,1
DA:95,2
DA:96,2
DA:106,10
DA:107,1
DA:110,1
DA:114,1
DA:117,1
DA:119,1
DA:122,10
DA:123,2
DA:124,1
DA:126,1
LF:43
LH:43
BRDA:88,0,0,1
BRDA:88,1,0,3
BRDA:88,1,1,3
BRDA:95,2,0,2
BRDA:95,3,0,2
BRDA:95,3,1,2
BRDA:110,4,0,1
BRDA:110,4,1,1
BRDA:123,5,0,1
BRF:9
BRH:9
end_of_record
TN:
SF:src\presenters\users_auth\register_presenter.ts
FN:21,(anonymous_1)
FN:85,(anonymous_2)
FN:96,(anonymous_3)
FN:127,(anonymous_4)
FN:137,(anonymous_5)
FN:151,(anonymous_6)
FNF:6
FNH:6
FNDA:3,(anonymous_1)
FNDA:3,(anonymous_2)
FNDA:3,(anonymous_3)
FNDA:1,(anonymous_4)
FNDA:1,(anonymous_5)
FNDA:2,(anonymous_6)
DA:1,10
DA:3,10
DA:4,10
DA:5,10
DA:6,10
DA:7,10
DA:10,10
DA:12,10
DA:13,10
DA:14,10
DA:15,10
DA:16,10
DA:17,10
DA:18,10
DA:19,10
DA:21,10
DA:22,3
DA:23,3
DA:26,3
DA:28,3
DA:31,3
DA:32,3
DA:35,2
DA:37,1
DA:39,1
DA:42,1
DA:45,1
DA:46,1
DA:49,1
DA:51,1
DA:52,1
DA:56,2
DA:58,1
DA:60,1
DA:63,1
DA:66,1
DA:67,1
DA:70,1
DA:72,1
DA:73,1
DA:82,2
DA:85,10
DA:96,10
DA:97,3
DA:100,3
DA:102,3
DA:103,1
DA:109,2
DA:110,1
DA:116,1
DA:117,1
DA:127,10
DA:128,1
DA:131,1
DA:134,1
DA:137,10
DA:138,1
DA:141,1
DA:144,1
DA:146,1
DA:148,1
DA:151,10
DA:152,2
DA:154,2
DA:157,2
DA:161,2
DA:163,2
LF:67
LH:67
BRDA:32,0,0,1
BRDA:35,1,0,1
BRDA:39,2,0,1
BRDA:39,2,1,1
BRDA:56,3,0,1
BRDA:56,4,0,2
BRDA:56,4,1,1
BRDA:60,5,0,1
BRDA:60,5,1,1
BRDA:102,6,0,1
BRDA:109,7,0,1
BRDA:109,8,0,2
BRDA:109,8,1,2
BRDA:116,9,0,1
BRDA:116,10,0,1
BRDA:116,10,1,1
BRDA:131,11,0,1
BRDA:131,11,1,1
BRDA:141,12,0,1
BRDA:141,12,1,1
BRDA:157,13,0,2
BRDA:157,13,1,2
BRF:22
BRH:22
end_of_record
TN:
SF:src\routes\default_route.ts
FNF:0
FNH:0
DA:1,10
DA:2,10
DA:4,10
DA:7,10
DA:9,10
LF:5
LH:5
BRF:0
BRH:0
end_of_record
TN:
SF:src\routes\index.ts
FN:13,(anonymous_1)
FNF:1
FNH:1
FNDA:10,(anonymous_1)
DA:1,10
DA:2,10
DA:4,10
DA:6,10
DA:13,10
DA:14,10
DA:17,10
LF:7
LH:7
BRF:0
BRH:0
end_of_record
TN:
SF:src\routes\v1\default_route.ts
FN:7,(anonymous_1)
FNF:1
FNH:1
FNDA:33,(anonymous_1)
DA:1,10
DA:2,10
DA:4,10
DA:7,10
DA:8,33
DA:9,33
DA:10,33
DA:14,33
DA:18,10
DA:21,10
DA:23,10
LF:11
LH:11
BRF:0
BRH:0
end_of_record
TN:
SF:src\routes\v1\docs_route.ts
FNF:0
FNH:0
DA:1,10
DA:2,10
DA:3,10
DA:5,10
DA:8,10
DA:9,10
DA:11,10
LF:7
LH:7
BRF:0
BRH:0
end_of_record
TN:
SF:src\routes\v1\index.ts
FN:42,(anonymous_1)
FN:47,(anonymous_2)
FNF:2
FNH:2
FNDA:50,(anonymous_1)
FNDA:10,(anonymous_2)
DA:1,10
DA:2,10
DA:3,10
DA:4,10
DA:5,10
DA:6,10
DA:7,10
DA:8,10
DA:10,10
DA:12,10
DA:35,10
DA:42,10
DA:43,50
DA:46,10
DA:47,10
DA:48,10
DA:52,10
LF:17
LH:17
BRDA:46,0,0,10
BRDA:46,1,0,10
BRDA:46,1,1,10
BRF:3
BRH:3
end_of_record
TN:
SF:src\routes\v1\user_auth_route.ts
FNF:0
FNH:0
DA:1,10
DA:3,10
DA:5,10
DA:8,10
DA:9,10
DA:12,10
DA:13,10
DA:19,10
LF:8
LH:8
BRF:0
BRH:0
end_of_record
TN:
SF:src\routes\v1\user_me_route.ts
FNF:0
FNH:0
DA:1,10
DA:3,10
DA:5,10
DA:7,10
DA:10,10
DA:11,10
DA:12,10
DA:14,10
LF:8
LH:8
BRF:0
BRH:0
end_of_record
TN:
SF:src\routes\v1\users_route.ts
FNF:0
FNH:0
DA:1,10
DA:5,10
DA:7,10
DA:10,10
DA:12,10
LF:5
LH:5
BRF:0
BRH:0
end_of_record
TN:
SF:src\services\commons\api_info_service.ts
FN:3,(anonymous_1)
FNF:1
FNH:1
FNDA:1,(anonymous_1)
DA:1,10
DA:3,10
DA:4,1
DA:9,1
LF:4
LH:4
BRF:0
BRH:0
end_of_record
TN:
SF:src\services\commons\api_root_service.ts
FN:3,(anonymous_1)
FNF:1
FNH:1
FNDA:2,(anonymous_1)
DA:1,10
DA:3,10
DA:4,2
DA:5,2
DA:7,2
LF:5
LH:5
BRF:0
BRH:0
end_of_record
TN:
SF:src\services\users\create_user_service.ts
FN:6,(anonymous_1)
FN:9,(anonymous_2)
FN:10,(anonymous_3)
FNF:3
FNH:2
FNDA:3,(anonymous_1)
FNDA:3,(anonymous_2)
FNDA:0,(anonymous_3)
DA:1,10
DA:2,10
DA:4,10
DA:6,10
DA:7,3
DA:9,3
DA:19,3
LF:7
LH:7
BRF:0
BRH:0
end_of_record
TN:
SF:src\services\users\exist_user_service.ts
FN:4,(anonymous_1)
FN:8,(anonymous_2)
FN:9,(anonymous_3)
FNF:3
FNH:2
FNDA:2,(anonymous_1)
FNDA:2,(anonymous_2)
FNDA:0,(anonymous_3)
DA:1,10
DA:2,10
DA:4,10
DA:5,2
DA:6,2
DA:8,2
DA:14,2
LF:7
LH:7
BRF:0
BRH:0
end_of_record
TN:
SF:src\services\users\get_all_user_service.ts
FN:4,(anonymous_1)
FN:7,(anonymous_2)
FN:10,(anonymous_3)
FNF:3
FNH:2
FNDA:1,(anonymous_1)
FNDA:1,(anonymous_2)
FNDA:0,(anonymous_3)
DA:1,10
DA:2,10
DA:4,10
DA:5,1
DA:8,1
DA:15,1
LF:6
LH:6
BRF:0
BRH:0
end_of_record
TN:
SF:src\services\users\get_user_service.ts
FN:4,(anonymous_1)
FN:5,(anonymous_2)
FN:30,(anonymous_3)
FN:31,(anonymous_4)
FNF:4
FNH:3
FNDA:19,(anonymous_1)
FNDA:19,(anonymous_2)
FNDA:19,(anonymous_3)
FNDA:0,(anonymous_4)
DA:1,10
DA:2,10
DA:4,10
DA:5,19
DA:25,19
DA:26,19
DA:28,19
DA:30,19
DA:36,19
LF:9
LH:9
BRF:0
BRH:0
end_of_record
TN:
SF:src\services\users\physical_delete_user_service.ts
FN:6,(anonymous_1)
FN:11,(anonymous_2)
FN:12,(anonymous_3)
FNF:3
FNH:2
FNDA:3,(anonymous_1)
FNDA:3,(anonymous_2)
FNDA:0,(anonymous_3)
DA:1,3
DA:2,3
DA:4,3
DA:6,3
DA:7,3
DA:9,3
DA:11,3
DA:17,3
LF:8
LH:8
BRF:0
BRH:0
end_of_record
TN:
SF:src\services\users\update_user_service.ts
FN:4,(anonymous_1)
FN:12,(anonymous_2)
FN:13,(anonymous_3)
FNF:3
FNH:2
FNDA:5,(anonymous_1)
FNDA:5,(anonymous_2)
FNDA:0,(anonymous_3)
DA:1,10
DA:2,10
DA:4,10
DA:5,5
DA:7,5
DA:12,5
DA:18,5
LF:7
LH:7
BRF:0
BRH:0
end_of_record
TN:
SF:src\utils\global_api_path\global_api_path.ts
FN:3,(anonymous_1)
FNF:1
FNH:1
FNDA:22,(anonymous_1)
DA:1,10
DA:3,10
DA:4,22
DA:8,22
DA:10,22
LF:5
LH:5
BRDA:8,0,0,22
BRF:1
BRH:1
end_of_record
TN:
SF:src\utils\global_http_url\global_http_url.ts
FN:3,(anonymous_1)
FNF:1
FNH:1
FNDA:10,(anonymous_1)
DA:1,10
DA:3,10
DA:11,10
LF:3
LH:3
BRF:0
BRH:0
end_of_record
TN:
SF:src\utils\swagger\swagger.ts
FNF:0
FNH:0
DA:1,10
DA:2,10
DA:3,10
DA:5,10
DA:7,10
DA:8,10
DA:9,10
DA:13,10
DA:14,10
DA:15,10
DA:16,10
DA:18,10
DA:35,10
DA:40,10
DA:42,10
LF:15
LH:15
BRF:0
BRH:0
end_of_record
TN:
SF:src\utils\winston_file_logger\winston\logger.ts
FN:20,(anonymous_1)
FNF:1
FNH:1
FNDA:31,(anonymous_1)
DA:1,10
DA:2,10
DA:3,10
DA:5,10
DA:7,10
DA:16,10
DA:20,31
DA:24,10
DA:68,10
LF:9
LH:9
BRF:0
BRH:0
end_of_record
