TN:
SF:src\database\db_connection.ts
FN:3,(anonymous_0)
FN:8,(anonymous_1)
FN:11,(anonymous_2)
FN:14,(anonymous_3)
FNF:4
FNH:4
FNDA:2,(anonymous_0)
FNDA:1,(anonymous_1)
FNDA:1,(anonymous_2)
FNDA:2,(anonymous_3)
DA:1,1
DA:3,1
DA:4,2
DA:6,2
DA:9,1
DA:12,1
DA:15,2
DA:17,2
DA:20,1
LF:9
LH:9
BRF:0
BRH:0
end_of_record
TN:
SF:src\functions\check_password.ts
FN:3,(anonymous_1)
FNF:1
FNH:1
FNDA:2,(anonymous_1)
DA:1,6
DA:3,6
DA:4,2
DA:5,1
DA:12,1
LF:5
LH:5
BRDA:4,0,0,1
BRF:1
BRH:1
end_of_record
TN:
SF:src\functions\generate_hash_password.ts
FN:4,(anonymous_1)
FNF:1
FNH:1
FNDA:3,(anonymous_1)
DA:1,7
DA:2,7
DA:4,7
DA:5,3
DA:7,3
DA:9,3
LF:6
LH:6
BRF:0
BRH:0
end_of_record
TN:
SF:src\functions\generate_password.ts
FN:3,(anonymous_1)
FNF:1
FNH:1
FNDA:1,(anonymous_1)
DA:1,6
DA:3,6
DA:4,1
DA:5,1
DA:7,1
DA:13,1
LF:6
LH:6
BRF:0
BRH:0
end_of_record
TN:
SF:src\functions\generate_token_access.ts
FN:4,(anonymous_1)
FNF:1
FNH:1
FNDA:1,(anonymous_1)
DA:1,6
DA:2,6
DA:4,6
DA:5,1
DA:18,1
LF:5
LH:5
BRF:0
BRH:0
end_of_record
TN:
SF:src\middlewares\http_error_handler\error_handler.ts
FN:3,(anonymous_0)
FNF:1
FNH:0
FNDA:0,(anonymous_0)
DA:3,5
DA:4,0
DA:5,0
DA:14,0
DA:15,0
DA:24,0
DA:25,0
DA:34,0
DA:35,0
DA:44,0
DA:45,0
DA:54,0
DA:55,0
DA:66,0
DA:75,5
LF:15
LH:2
BRDA:4,0,0,0
BRDA:14,1,0,0
BRDA:24,2,0,0
BRDA:34,3,0,0
BRDA:44,4,0,0
BRDA:54,5,0,0
BRF:6
BRH:0
end_of_record
TN:
SF:src\middlewares\jwt_auth\auth.ts
FN:6,(anonymous_1)
FN:9,(anonymous_2)
FN:17,(anonymous_3)
FNF:3
FNH:0
FNDA:0,(anonymous_1)
FNDA:0,(anonymous_2)
FNDA:0,(anonymous_3)
DA:3,5
DA:4,5
DA:6,5
DA:7,0
DA:10,0
DA:11,0
DA:13,0
DA:14,0
DA:18,0
DA:19,0
DA:23,5
LF:11
LH:4
BRDA:10,0,0,0
BRDA:10,0,1,0
BRF:2
BRH:0
end_of_record
TN:
SF:src\middlewares\jwt_auth\jwt\index.ts
FNF:0
FNH:0
DA:1,5
DA:3,5
LF:2
LH:2
BRF:0
BRH:0
end_of_record
TN:
SF:src\middlewares\jwt_auth\jwt\jwtUsers.ts
FN:7,(anonymous_1)
FN:36,(anonymous_2)
FN:37,(anonymous_3)
FNF:3
FNH:0
FNDA:0,(anonymous_1)
FNDA:0,(anonymous_2)
FNDA:0,(anonymous_3)
DA:1,5
DA:3,5
DA:4,5
DA:5,5
DA:7,5
DA:8,0
DA:9,0
DA:12,0
DA:14,0
DA:16,0
DA:18,0
DA:19,0
DA:28,0
DA:29,0
DA:30,0
DA:33,0
DA:36,5
DA:37,0
DA:38,0
DA:40,0
DA:41,0
DA:42,0
DA:43,0
DA:46,0
DA:47,0
DA:48,0
DA:51,0
LF:27
LH:6
BRDA:9,0,0,0
BRDA:9,0,1,0
BRDA:12,1,0,0
BRDA:16,2,0,0
BRDA:18,3,0,0
BRDA:29,4,0,0
BRDA:40,5,0,0
BRF:7
BRH:0
end_of_record
TN:
SF:src\middlewares\morgan\morgan.ts
FN:7,(anonymous_1)
FN:10,(anonymous_2)
FNF:2
FNH:2
FNDA:7,(anonymous_1)
FNDA:7,(anonymous_2)
DA:1,5
DA:3,5
DA:4,5
DA:6,5
DA:7,7
DA:10,5
DA:11,7
DA:14,5
DA:16,5
DA:21,5
LF:10
LH:10
BRF:0
BRH:0
end_of_record
TN:
SF:src\middlewares\rate_limiter\rate_limiter.ts
FNF:0
FNH:0
DA:1,0
DA:3,0
DA:10,0
LF:3
LH:0
BRF:0
BRH:0
end_of_record
TN:
SF:src\middlewares\xss\xss.ts
FN:4,(anonymous_0)
FN:17,(anonymous_1)
FN:18,(anonymous_2)
FNF:3
FNH:3
FNDA:14,(anonymous_0)
FNDA:5,(anonymous_1)
FNDA:7,(anonymous_2)
DA:2,5
DA:4,5
DA:5,14
DA:6,14
DA:7,14
DA:8,14
DA:11,14
DA:12,14
DA:14,14
DA:17,5
DA:18,5
DA:19,7
DA:20,7
DA:21,7
DA:22,7
DA:26,5
LF:16
LH:16
BRDA:4,0,0,0
BRDA:6,1,0,14
BRDA:12,2,0,14
BRDA:19,3,0,0
BRDA:20,4,0,7
BRDA:21,5,0,7
BRF:6
BRH:4
end_of_record
TN:
SF:src\routes\default.route.ts
FNF:0
FNH:0
DA:1,5
DA:2,5
DA:4,5
DA:7,5
DA:9,5
LF:5
LH:5
BRF:0
BRH:0
end_of_record
TN:
SF:src\routes\index.ts
FN:13,(anonymous_1)
FNF:1
FNH:1
FNDA:5,(anonymous_1)
DA:1,5
DA:2,5
DA:4,5
DA:6,5
DA:13,5
DA:14,5
DA:17,5
LF:7
LH:7
BRF:0
BRH:0
end_of_record
TN:
SF:src\routes\v1\default.route.ts
FN:7,(anonymous_1)
FNF:1
FNH:1
FNDA:7,(anonymous_1)
DA:1,5
DA:2,5
DA:4,5
DA:7,5
DA:8,7
DA:9,7
DA:10,7
DA:14,7
DA:18,5
DA:21,5
DA:23,5
LF:11
LH:11
BRF:0
BRH:0
end_of_record
TN:
SF:src\routes\v1\docs.route.ts
FNF:0
FNH:0
DA:1,5
DA:2,5
DA:3,5
DA:5,5
DA:8,5
DA:9,5
DA:11,5
LF:7
LH:7
BRF:0
BRH:0
end_of_record
TN:
SF:src\routes\v1\index.ts
FN:42,(anonymous_1)
FN:47,(anonymous_2)
FNF:2
FNH:2
FNDA:25,(anonymous_1)
FNDA:5,(anonymous_2)
DA:1,5
DA:2,5
DA:3,5
DA:4,5
DA:5,5
DA:6,5
DA:7,5
DA:8,5
DA:10,5
DA:12,5
DA:35,5
DA:42,5
DA:43,25
DA:46,5
DA:47,5
DA:48,5
DA:52,5
LF:17
LH:17
BRDA:46,0,0,5
BRDA:46,1,0,5
BRDA:46,1,1,5
BRF:3
BRH:3
end_of_record
TN:
SF:src\routes\v1\user_auth.route.ts
FNF:0
FNH:0
DA:1,5
DA:3,5
DA:5,5
DA:8,5
DA:9,5
DA:12,5
DA:13,5
DA:19,5
LF:8
LH:8
BRF:0
BRH:0
end_of_record
TN:
SF:src\routes\v1\user_me.route.ts
FNF:0
FNH:0
DA:1,5
DA:3,5
DA:5,5
DA:7,5
DA:10,5
DA:11,5
DA:12,5
DA:14,5
LF:8
LH:8
BRF:0
BRH:0
end_of_record
TN:
SF:src\routes\v1\users.route.ts
FNF:0
FNH:0
DA:1,5
DA:5,5
DA:7,5
DA:10,5
DA:12,5
LF:5
LH:5
BRF:0
BRH:0
end_of_record
TN:
SF:src\utils\global_api_path\global_api_path.ts
FN:3,(anonymous_1)
FNF:1
FNH:1
FNDA:12,(anonymous_1)
DA:1,5
DA:3,5
DA:4,12
DA:8,12
DA:10,12
LF:5
LH:5
BRDA:8,0,0,12
BRF:1
BRH:1
end_of_record
TN:
SF:src\utils\global_http_url\global_http_url.ts
FN:3,(anonymous_1)
FNF:1
FNH:1
FNDA:5,(anonymous_1)
DA:1,5
DA:3,5
DA:11,5
LF:3
LH:3
BRF:0
BRH:0
end_of_record
TN:
SF:src\utils\swagger\swagger.ts
FNF:0
FNH:0
DA:1,5
DA:2,5
DA:3,5
DA:5,5
DA:7,5
DA:8,5
DA:9,5
DA:13,5
DA:14,5
DA:15,5
DA:16,5
DA:18,5
DA:35,5
DA:40,5
DA:42,5
LF:15
LH:15
BRF:0
BRH:0
end_of_record
TN:
SF:src\utils\winston_file_logger\winston\logger.ts
FN:20,(anonymous_1)
FNF:1
FNH:1
FNDA:12,(anonymous_1)
DA:1,5
DA:2,5
DA:3,5
DA:5,5
DA:7,5
DA:16,5
DA:20,12
DA:24,5
DA:68,5
LF:9
LH:9
BRF:0
BRH:0
end_of_record
